<?xml version="1.0" encoding="UTF-8" ?>
<testsuite failures="0" time="0.044" errors="0" skipped="0" tests="1" name="org.scribble.protocol.parser.ctk.ProtocolParserTest">
  <properties>
    <property name="java.runtime.name" value="Java(TM) SE Runtime Environment"/>
    <property name="sun.boot.library.path" value="/usr/java/jdk1.6.0_16/jre/lib/i386"/>
    <property name="java.vm.version" value="14.2-b01"/>
    <property name="java.vm.vendor" value="Sun Microsystems Inc."/>
    <property name="java.vendor.url" value="http://java.sun.com/"/>
    <property name="path.separator" value=":"/>
    <property name="java.vm.name" value="Java HotSpot(TM) Client VM"/>
    <property name="file.encoding.pkg" value="sun.io"/>
    <property name="user.country" value="US"/>
    <property name="sun.java.launcher" value="SUN_STANDARD"/>
    <property name="sun.os.patch.level" value="unknown"/>
    <property name="java.vm.specification.name" value="Java Virtual Machine Specification"/>
    <property name="user.dir" value="/home/gary/scribble/repo/scribble/qa/org.scribble.protocol.parser.ctk"/>
    <property name="java.runtime.version" value="1.6.0_16-b01"/>
    <property name="java.awt.graphicsenv" value="sun.awt.X11GraphicsEnvironment"/>
    <property name="basedir" value="/home/gary/scribble/repo/scribble/qa/org.scribble.protocol.parser.ctk"/>
    <property name="java.endorsed.dirs" value="/usr/java/jdk1.6.0_16/jre/lib/endorsed"/>
    <property name="os.arch" value="i386"/>
    <property name="surefire.real.class.path" value="/tmp/surefirebooter2955380310077811851.jar"/>
    <property name="java.io.tmpdir" value="/tmp"/>
    <property name="line.separator" value="
"/>
    <property name="java.vm.specification.vendor" value="Sun Microsystems Inc."/>
    <property name="os.name" value="Linux"/>
    <property name="sun.jnu.encoding" value="UTF-8"/>
    <property name="java.library.path" value="/usr/java/jdk1.6.0_16/jre/lib/i386/client:/usr/java/jdk1.6.0_16/jre/lib/i386:/usr/java/jdk1.6.0_16/jre/../lib/i386:/usr/java/packages/lib/i386:/lib:/usr/lib"/>
    <property name="surefire.test.class.path" value="/home/gary/scribble/repo/scribble/qa/org.scribble.protocol.parser.ctk/target/test-classes:/home/gary/scribble/repo/scribble/qa/org.scribble.protocol.parser.ctk/target/classes:/home/gary/scribble/repo/scribble/modules/org.scribble.core/target/org.scribble.core_1.0-SNAPSHOT.jar:/home/gary/.m2/repository/org/apache/felix/org.osgi.core/1.4.0/org.osgi.core-1.4.0.jar:/home/gary/.m2/repository/org/apache/felix/org.apache.felix.framework/2.0.1/org.apache.felix.framework-2.0.1.jar:/home/gary/.m2/repository/org/osgi/org.osgi.core/4.2.0/org.osgi.core-4.2.0.jar:/home/gary/.m2/repository/org/osgi/org.osgi.compendium/4.2.0/org.osgi.compendium-4.2.0.jar:/home/gary/scribble/repo/scribble/modules/org.scribble.protocol/target/org.scribble.protocol_1.0-SNAPSHOT.jar:/home/gary/scribble/repo/scribble/modules/org.scribble.protocol.parser/target/org.scribble.protocol.parser_1.0-SNAPSHOT.jar:/home/gary/.m2/repository/org/antlr/antlr/3.2/antlr-3.2.jar:/home/gary/.m2/repository/org/antlr/antlr-runtime/3.2/antlr-runtime-3.2.jar:/home/gary/.m2/repository/org/antlr/stringtemplate/3.2/stringtemplate-3.2.jar:/home/gary/.m2/repository/antlr/antlr/2.7.7/antlr-2.7.7.jar:/home/gary/.m2/repository/junit/junit/4.7/junit-4.7.jar:"/>
    <property name="java.specification.name" value="Java Platform API Specification"/>
    <property name="java.class.version" value="50.0"/>
    <property name="sun.management.compiler" value="HotSpot Client Compiler"/>
    <property name="os.version" value="2.6.24.3-34.fc8"/>
    <property name="user.home" value="/home/gary"/>
    <property name="user.timezone" value=""/>
    <property name="java.awt.printerjob" value="sun.print.PSPrinterJob"/>
    <property name="file.encoding" value="UTF-8"/>
    <property name="java.specification.version" value="1.6"/>
    <property name="user.name" value="gary"/>
    <property name="java.class.path" value="/home/gary/scribble/repo/scribble/qa/org.scribble.protocol.parser.ctk/target/test-classes:/home/gary/scribble/repo/scribble/qa/org.scribble.protocol.parser.ctk/target/classes:/home/gary/scribble/repo/scribble/modules/org.scribble.core/target/org.scribble.core_1.0-SNAPSHOT.jar:/home/gary/.m2/repository/org/apache/felix/org.osgi.core/1.4.0/org.osgi.core-1.4.0.jar:/home/gary/.m2/repository/org/apache/felix/org.apache.felix.framework/2.0.1/org.apache.felix.framework-2.0.1.jar:/home/gary/.m2/repository/org/osgi/org.osgi.core/4.2.0/org.osgi.core-4.2.0.jar:/home/gary/.m2/repository/org/osgi/org.osgi.compendium/4.2.0/org.osgi.compendium-4.2.0.jar:/home/gary/scribble/repo/scribble/modules/org.scribble.protocol/target/org.scribble.protocol_1.0-SNAPSHOT.jar:/home/gary/scribble/repo/scribble/modules/org.scribble.protocol.parser/target/org.scribble.protocol.parser_1.0-SNAPSHOT.jar:/home/gary/.m2/repository/org/antlr/antlr/3.2/antlr-3.2.jar:/home/gary/.m2/repository/org/antlr/antlr-runtime/3.2/antlr-runtime-3.2.jar:/home/gary/.m2/repository/org/antlr/stringtemplate/3.2/stringtemplate-3.2.jar:/home/gary/.m2/repository/antlr/antlr/2.7.7/antlr-2.7.7.jar:/home/gary/.m2/repository/junit/junit/4.7/junit-4.7.jar:"/>
    <property name="java.vm.specification.version" value="1.0"/>
    <property name="sun.arch.data.model" value="32"/>
    <property name="java.home" value="/usr/java/jdk1.6.0_16/jre"/>
    <property name="java.specification.vendor" value="Sun Microsystems Inc."/>
    <property name="user.language" value="en"/>
    <property name="java.vm.info" value="mixed mode, sharing"/>
    <property name="java.version" value="1.6.0_16"/>
    <property name="java.ext.dirs" value="/usr/java/jdk1.6.0_16/jre/lib/ext:/usr/java/packages/lib/ext"/>
    <property name="sun.boot.class.path" value="/usr/java/jdk1.6.0_16/jre/lib/resources.jar:/usr/java/jdk1.6.0_16/jre/lib/rt.jar:/usr/java/jdk1.6.0_16/jre/lib/sunrsasign.jar:/usr/java/jdk1.6.0_16/jre/lib/jsse.jar:/usr/java/jdk1.6.0_16/jre/lib/jce.jar:/usr/java/jdk1.6.0_16/jre/lib/charsets.jar:/usr/java/jdk1.6.0_16/jre/classes"/>
    <property name="java.vendor" value="Sun Microsystems Inc."/>
    <property name="localRepository" value="/home/gary/.m2/repository"/>
    <property name="file.separator" value="/"/>
    <property name="java.vendor.url.bug" value="http://java.sun.com/cgi-bin/bugreport.cgi"/>
    <property name="sun.cpu.endian" value="little"/>
    <property name="sun.io.unicode.encoding" value="UnicodeLittle"/>
    <property name="sun.desktop" value="gnome"/>
    <property name="sun.cpu.isalist" value=""/>
  </properties>
  <testcase time="0.004" classname="org.scribble.protocol.parser.ctk.ProtocolParserTest" name="testPlaceholder"/>
</testsuite>